TN:
SF:src/main.ts
FN:1,get
FN:2,get
FNF:2
FNH:1
FNDA:1,get
FNDA:0,get
DA:1,1
DA:2,1
LF:2
LH:2
BRDA:1,0,0,1
BRF:1
BRH:1
end_of_record
TN:
SF:src/core/serialize.ts
FN:8,Serialize
FN:16,process
FN:24,default_1
FNF:3
FNH:3
FNDA:1,Serialize
FNDA:1,process
FNDA:1,default_1
DA:1,1
DA:2,1
DA:3,1
DA:4,1
DA:5,1
DA:6,1
DA:7,1
DA:8,1
DA:9,1
DA:10,1
DA:11,1
DA:12,1
DA:13,1
DA:14,1
DA:15,1
DA:16,1
DA:17,1
DA:18,0
DA:19,0
DA:20,0
DA:21,0
DA:22,1
DA:23,1
DA:24,1
DA:25,1
DA:26,1
DA:27,1
DA:28,1
DA:29,1
DA:30,1
LF:30
LH:26
BRDA:8,0,0,1
BRDA:16,1,0,1
BRDA:18,2,0,0
BRDA:24,3,0,1
BRF:4
BRH:3
end_of_record
TN:
SF:src/core/unserialize.ts
FN:8,Unserialize
FN:13,process
FN:26,default_1
FNF:3
FNH:0
FNDA:0,Unserialize
FNDA:0,process
FNDA:0,default_1
DA:1,1
DA:2,1
DA:3,1
DA:4,1
DA:5,1
DA:6,1
DA:7,1
DA:8,1
DA:9,0
DA:10,0
DA:11,0
DA:12,1
DA:13,1
DA:14,0
DA:15,0
DA:16,0
DA:17,0
DA:18,0
DA:19,0
DA:20,0
DA:21,0
DA:22,0
DA:23,0
DA:24,1
DA:25,1
DA:26,0
DA:27,0
DA:28,0
DA:29,0
LF:29
LH:12
BRF:0
BRH:0
end_of_record
