TN:
SF:src/main.ts
FN:1,get
FN:2,get
FNF:2
FNH:2
FNDA:3,get
FNDA:1,get
DA:1,1
DA:2,1
LF:2
LH:2
BRDA:1,0,0,3
BRDA:2,1,0,1
BRF:2
BRH:2
end_of_record
TN:
SF:src/core/serialize.ts
FN:8,Serialize
FN:16,getQueryString
FN:22,process
FN:34,default_1
FNF:4
FNH:4
FNDA:3,Serialize
FNDA:3,getQueryString
FNDA:3,process
FNDA:3,default_1
DA:1,1
DA:2,1
DA:3,1
DA:4,1
DA:5,1
DA:6,1
DA:7,1
DA:8,1
DA:9,3
DA:10,3
DA:11,3
DA:12,3
DA:13,3
DA:14,3
DA:15,1
DA:16,1
DA:17,3
DA:18,3
DA:19,3
DA:20,3
DA:21,1
DA:22,1
DA:23,3
DA:24,3
DA:25,3
DA:26,3
DA:27,1
DA:28,1
DA:29,2
DA:30,2
DA:31,2
DA:32,1
DA:33,1
DA:34,3
DA:35,3
DA:36,3
DA:37,3
DA:38,3
DA:39,3
DA:40,3
LF:40
LH:40
BRDA:8,0,0,3
BRDA:16,1,0,3
BRDA:18,2,0,9
BRDA:22,3,0,3
BRDA:26,4,0,1
BRDA:29,5,0,2
BRDA:34,6,0,3
BRF:7
BRH:7
end_of_record
TN:
SF:src/core/unserialize.ts
FN:8,Unserialize
FN:13,process
FN:26,default_1
FNF:3
FNH:3
FNDA:1,Unserialize
FNDA:1,process
FNDA:1,default_1
DA:1,1
DA:2,1
DA:3,1
DA:4,1
DA:5,1
DA:6,1
DA:7,1
DA:8,1
DA:9,1
DA:10,1
DA:11,1
DA:12,1
DA:13,1
DA:14,1
DA:15,1
DA:16,1
DA:17,1
DA:18,2
DA:19,2
DA:20,2
DA:21,1
DA:22,1
DA:23,1
DA:24,1
DA:25,1
DA:26,1
DA:27,1
DA:28,1
DA:29,1
LF:29
LH:29
BRDA:8,0,0,1
BRDA:13,1,0,1
BRDA:17,2,0,2
BRDA:26,3,0,1
BRF:4
BRH:4
end_of_record
